INFO: [VRFC 10-2263] Analyzing Verilog file "C:/Users/Rati Tandon/Downloads/multZ2-20230405T153031Z-001/multZ2/multZ2.srcs/sources_1/new/BEC3.v" into library xil_defaultlib
INFO: [VRFC 10-311] analyzing module BEC3
INFO: [VRFC 10-2263] Analyzing Verilog file "C:/Users/Rati Tandon/Downloads/multZ2-20230405T153031Z-001/multZ2/multZ2.srcs/sources_1/new/BEC4.v" into library xil_defaultlib
INFO: [VRFC 10-311] analyzing module BEC4
INFO: [VRFC 10-2263] Analyzing Verilog file "C:/Users/Rati Tandon/Downloads/multZ2-20230405T153031Z-001/multZ2/multZ2.srcs/sources_1/new/BEC5.v" into library xil_defaultlib
INFO: [VRFC 10-311] analyzing module BEC5
INFO: [VRFC 10-2263] Analyzing Verilog file "C:/Users/Rati Tandon/Downloads/multZ2-20230405T153031Z-001/multZ2/multZ2.srcs/sources_1/new/BEC6.v" into library xil_defaultlib
INFO: [VRFC 10-311] analyzing module BEC6
INFO: [VRFC 10-2263] Analyzing Verilog file "C:/Users/Rati Tandon/Downloads/multZ2-20230405T153031Z-001/multZ2/multZ2.srcs/sources_1/new/CSLA.v" into library xil_defaultlib
INFO: [VRFC 10-311] analyzing module CSLA
INFO: [VRFC 10-2263] Analyzing Verilog file "C:/Users/Rati Tandon/Downloads/multZ2-20230405T153031Z-001/multZ2/multZ2.srcs/sources_1/new/FullAdder.v" into library xil_defaultlib
INFO: [VRFC 10-311] analyzing module FullAdder
INFO: [VRFC 10-2263] Analyzing Verilog file "C:/Users/Rati Tandon/Downloads/multZ2-20230405T153031Z-001/multZ2/multZ2.srcs/sources_1/new/PartProds.v" into library xil_defaultlib
INFO: [VRFC 10-311] analyzing module PartProds
INFO: [VRFC 10-2263] Analyzing Verilog file "C:/Users/Rati Tandon/Downloads/multZ2-20230405T153031Z-001/multZ2/multZ2.srcs/sources_1/new/R2LUT.v" into library xil_defaultlib
INFO: [VRFC 10-311] analyzing module R2LUT
INFO: [VRFC 10-2263] Analyzing Verilog file "C:/Users/Rati Tandon/Downloads/multZ2-20230405T153031Z-001/multZ2/multZ2.srcs/sources_1/new/R2SE.v" into library xil_defaultlib
INFO: [VRFC 10-311] analyzing module R2SE
INFO: [VRFC 10-2263] Analyzing Verilog file "C:/Users/Rati Tandon/Downloads/multZ2-20230405T153031Z-001/multZ2/multZ2.srcs/sources_1/new/RCA2.v" into library xil_defaultlib
INFO: [VRFC 10-311] analyzing module RCA2
INFO: [VRFC 10-2263] Analyzing Verilog file "C:/Users/Rati Tandon/Downloads/multZ2-20230405T153031Z-001/multZ2/multZ2.srcs/sources_1/new/RCA3.v" into library xil_defaultlib
INFO: [VRFC 10-311] analyzing module RCA3
INFO: [VRFC 10-2263] Analyzing Verilog file "C:/Users/Rati Tandon/Downloads/multZ2-20230405T153031Z-001/multZ2/multZ2.srcs/sources_1/new/RCA4.v" into library xil_defaultlib
INFO: [VRFC 10-311] analyzing module RCA4
INFO: [VRFC 10-2263] Analyzing Verilog file "C:/Users/Rati Tandon/Downloads/multZ2-20230405T153031Z-001/multZ2/multZ2.srcs/sources_1/new/RCA5.v" into library xil_defaultlib
INFO: [VRFC 10-311] analyzing module RCA5
INFO: [VRFC 10-2263] Analyzing Verilog file "C:/Users/Rati Tandon/Downloads/multZ2-20230405T153031Z-001/multZ2/multZ2.srcs/sources_1/new/compr.v" into library xil_defaultlib
INFO: [VRFC 10-311] analyzing module compr
INFO: [VRFC 10-2263] Analyzing Verilog file "C:/Users/Rati Tandon/Downloads/multZ2-20230405T153031Z-001/multZ2/multZ2.srcs/sources_1/new/row.v" into library xil_defaultlib
INFO: [VRFC 10-311] analyzing module row
INFO: [VRFC 10-2263] Analyzing Verilog file "C:/Users/Rati Tandon/Downloads/multZ2-20230405T153031Z-001/multZ2/multZ2.srcs/sim_1/new/tb.v" into library xil_defaultlib
INFO: [VRFC 10-311] analyzing module tb
