#-----------------------------------------------------------
# Vivado v2019.1 (64-bit)
# SW Build 2552052 on Fri May 24 14:49:42 MDT 2019
# IP Build 2548770 on Fri May 24 18:01:18 MDT 2019
# Start of session at: Thu Apr 27 13:19:21 2023
# Process ID: 6188
# Current directory: C:/Users/Rati Tandon/Downloads/multZ2
# Command line: vivado.exe -gui_launcher_event rodinguilauncherevent12328 C:\Users\Rati Tandon\Downloads\multZ2\multZ2.xpr
# Log file: C:/Users/Rati Tandon/Downloads/multZ2/vivado.log
# Journal file: C:/Users/Rati Tandon/Downloads/multZ2\vivado.jou
#-----------------------------------------------------------
start_gui
open_project {C:/Users/Rati Tandon/Downloads/multZ2/multZ2.xpr}
INFO: [Project 1-313] Project file moved from 'C:/Users/Rati Tandon/Downloads/multZ2=v1/multZ2' since last save.
Scanning sources...
Finished scanning sources
WARNING: [filemgmt 56-2] IPUserFilesDir: Could not find the directory 'C:/Users/Rati Tandon/multZ2v1/multZ2/multZ2.ip_user_files', nor could it be found using path 'C:/Users/Rati Tandon/Downloads/multZ2v1/multZ2/multZ2.ip_user_files'.
INFO: [IP_Flow 19-234] Refreshing IP repositories
INFO: [IP_Flow 19-1704] No user IP repositories specified
INFO: [IP_Flow 19-2313] Loaded Vivado IP repository 'C:/Xilinx/Vivado/2019.1/data/ip'.
update_compile_order -fileset sources_1
open_run synth_1 -name synth_1
Design is defaulting to impl run constrset: constrs_1
Design is defaulting to synth run part: xc7a100tcsg324-1
INFO: [Device 21-403] Loading part xc7a100tcsg324-1
INFO: [Netlist 29-17] Analyzing 3 Unisim elements for replacement
INFO: [Netlist 29-28] Unisim Transformation completed in 0 CPU seconds
INFO: [Project 1-479] Netlist was created with Vivado 2019.1
INFO: [Project 1-570] Preparing netlist for logic optimization
INFO: [Opt 31-138] Pushed 0 inverter(s) to 0 load pin(s).
Netlist sorting complete. Time (s): cpu = 00:00:00 ; elapsed = 00:00:00 . Memory (MB): peak = 1067.855 ; gain = 0.000
INFO: [Project 1-111] Unisim Transformation Summary:
No Unisim elements were transformed.

open_run: Time (s): cpu = 00:00:19 ; elapsed = 00:00:10 . Memory (MB): peak = 1179.105 ; gain = 406.598
set_operating_conditions -process maximum
read_saif {C:/Users/Rati Tandon/Downloads/multZ2/multZ2.sim/sim_1/behav/xsim/zv.saif}
INFO: [Timing 38-35] Done setting XDC timing constraints.
WARNING: [Power 33-232] No user defined clocks were found in the design! Power estimation will be inaccurate until this is corrected.
Resolution: Please specify clocks using create_clock/create_generated_clock for sequential elements. For pure combinatorial circuits, please specify a virtual clock, otherwise the vectorless estimation might be inaccurate
INFO: [Power 33-167] Parsing SAIF file C:/Users/Rati Tandon/Downloads/multZ2/multZ2.sim/sim_1/behav/xsim/zv.saif
INFO: [Power 33-177] SAIF annotation done from file C:/Users/Rati Tandon/Downloads/multZ2/multZ2.sim/sim_1/behav/xsim/zv.saif
INFO: [Power 33-26] Design nets matched = 66 of 182
read_saif: Time (s): cpu = 00:00:09 ; elapsed = 00:00:09 . Memory (MB): peak = 1718.793 ; gain = 533.031
report_power -name {power_1}
Command: report_power -name power_1
36% of nets annotated
Doing probabilistic computation for the remaining nets

0 Infos, 0 Warnings, 0 Critical Warnings and 0 Errors encountered.
report_power completed successfully
read_saif {C:/Users/Rati Tandon/Downloads/multZ2/multZ2.sim/sim_1/behav/xsim/zv.saif}
INFO: [Power 33-167] Parsing SAIF file C:/Users/Rati Tandon/Downloads/multZ2/multZ2.sim/sim_1/behav/xsim/zv.saif
INFO: [Power 33-177] SAIF annotation done from file C:/Users/Rati Tandon/Downloads/multZ2/multZ2.sim/sim_1/behav/xsim/zv.saif
INFO: [Power 33-26] Design nets matched = 66 of 182
report_power -name {power_2}
Command: report_power -name power_2
36% of nets annotated
Doing probabilistic computation for the remaining nets

0 Infos, 0 Warnings, 0 Critical Warnings and 0 Errors encountered.
report_power completed successfully
launch_simulation
INFO: [Vivado 12-5682] Launching behavioral simulation in 'C:/Users/Rati Tandon/Downloads/multZ2/multZ2.sim/sim_1/behav/xsim'
INFO: [SIM-utils-51] Simulation object is 'sim_1'
INFO: [SIM-utils-54] Inspecting design source files for 'tb' in fileset 'sim_1'...
INFO: [USF-XSim-97] Finding global include files...
INFO: [USF-XSim-98] Fetching design files from 'sim_1'...
INFO: [USF-XSim-2] XSim::Compile design
INFO: [USF-XSim-61] Executing 'COMPILE and ANALYZE' step in 'C:/Users/Rati Tandon/Downloads/multZ2/multZ2.sim/sim_1/behav/xsim'
"xvlog --incr --relax -prj tb_vlog.prj"
INFO: [VRFC 10-2263] Analyzing Verilog file "C:/Users/Rati Tandon/Downloads/multZ2/multZ2.srcs/sources_1/new/Alut.v" into library xil_defaultlib
INFO: [VRFC 10-311] analyzing module Alut
INFO: [VRFC 10-2263] Analyzing Verilog file "C:/Users/Rati Tandon/Downloads/multZ2/multZ2.srcs/sources_1/new/Blut.v" into library xil_defaultlib
INFO: [VRFC 10-311] analyzing module Blut
INFO: [VRFC 10-2263] Analyzing Verilog file "C:/Users/Rati Tandon/Downloads/multZ2/multZ2.srcs/sources_1/new/FullAdder.v" into library xil_defaultlib
INFO: [VRFC 10-311] analyzing module FullAdder
INFO: [VRFC 10-2263] Analyzing Verilog file "C:/Users/Rati Tandon/Downloads/multZ2/multZ2.srcs/sources_1/new/PartProds.v" into library xil_defaultlib
INFO: [VRFC 10-311] analyzing module PartProds
INFO: [VRFC 10-2263] Analyzing Verilog file "C:/Users/Rati Tandon/Downloads/multZ2/multZ2.srcs/sources_1/new/comp.v" into library xil_defaultlib
INFO: [VRFC 10-311] analyzing module comp
INFO: [VRFC 10-2263] Analyzing Verilog file "C:/Users/Rati Tandon/Downloads/multZ2/multZ2.srcs/sources_1/new/comp_unit.v" into library xil_defaultlib
INFO: [VRFC 10-311] analyzing module comp_unit
INFO: [VRFC 10-2263] Analyzing Verilog file "C:/Users/Rati Tandon/Downloads/multZ2/multZ2.srcs/sources_1/new/row.v" into library xil_defaultlib
INFO: [VRFC 10-311] analyzing module row
INFO: [VRFC 10-2263] Analyzing Verilog file "C:/Users/Rati Tandon/Downloads/multZ2/multZ2.srcs/sim_1/new/tb.v" into library xil_defaultlib
INFO: [VRFC 10-311] analyzing module tb
INFO: [VRFC 10-2263] Analyzing Verilog file "C:/Users/Rati Tandon/Downloads/multZ2/multZ2.sim/sim_1/behav/xsim/glbl.v" into library xil_defaultlib
INFO: [VRFC 10-311] analyzing module glbl
INFO: [USF-XSim-69] 'compile' step finished in '4' seconds
INFO: [USF-XSim-3] XSim::Elaborate design
INFO: [USF-XSim-61] Executing 'ELABORATE' step in 'C:/Users/Rati Tandon/Downloads/multZ2/multZ2.sim/sim_1/behav/xsim'
"xelab -wto 41cb9c9d733e4fa99d0118fcf6275bf8 --incr --debug typical --relax --mt 2 -L xil_defaultlib -L unisims_ver -L unimacro_ver -L secureip --snapshot tb_behav xil_defaultlib.tb xil_defaultlib.glbl -log elaborate.log"
Vivado Simulator 2019.1
Copyright 1986-1999, 2001-2019 Xilinx, Inc. All Rights Reserved.
Running: C:/Xilinx/Vivado/2019.1/bin/unwrapped/win64.o/xelab.exe -wto 41cb9c9d733e4fa99d0118fcf6275bf8 --incr --debug typical --relax --mt 2 -L xil_defaultlib -L unisims_ver -L unimacro_ver -L secureip --snapshot tb_behav xil_defaultlib.tb xil_defaultlib.glbl -log elaborate.log 
Using 2 slave threads.
Starting static elaboration
Completed static elaboration
Starting simulation data flow analysis
Completed simulation data flow analysis
Time Resolution for simulation is 1ps
Compiling module unisims_ver.LUT5
Compiling module xil_defaultlib.Alut
Compiling module unisims_ver.LUT4
Compiling module xil_defaultlib.Blut
Compiling module xil_defaultlib.row
Compiling module xil_defaultlib.FullAdder
Compiling module xil_defaultlib.comp_unit
Compiling module xil_defaultlib.comp
Compiling module xil_defaultlib.PartProds
Compiling module xil_defaultlib.tb
Compiling module xil_defaultlib.glbl
Built simulation snapshot tb_behav

****** Webtalk v2019.1 (64-bit)
  **** SW Build 2552052 on Fri May 24 14:49:42 MDT 2019
  **** IP Build 2548770 on Fri May 24 18:01:18 MDT 2019
    ** Copyright 1986-2019 Xilinx, Inc. All Rights Reserved.

source C:/Users/Rati -notrace
couldn't read file "C:/Users/Rati": no such file or directory
INFO: [Common 17-206] Exiting Webtalk at Fri Apr 28 20:34:04 2023...
run_program: Time (s): cpu = 00:00:01 ; elapsed = 00:00:11 . Memory (MB): peak = 1775.824 ; gain = 0.000
INFO: [USF-XSim-69] 'elaborate' step finished in '11' seconds
INFO: [USF-XSim-4] XSim::Simulate design
INFO: [USF-XSim-61] Executing 'SIMULATE' step in 'C:/Users/Rati Tandon/Downloads/multZ2/multZ2.sim/sim_1/behav/xsim'
INFO: [USF-XSim-98] *** Running xsim
   with args "tb_behav -key {Behavioral:sim_1:Functional:tb} -tclbatch {tb.tcl} -log {simulate.log}"
INFO: [USF-XSim-8] Loading simulator feature
Vivado Simulator 2019.1
Time resolution is 1 ps
source tb.tcl
# set curr_wave [current_wave_config]
# if { [string length $curr_wave] == 0 } {
#   if { [llength [get_objects]] > 0} {
#     add_wave /
#     set_property needs_save false [current_wave_config]
#   } else {
#      send_msg_id Add_Wave-1 WARNING "No top level signals found. Simulator will start without a wave window. If you want to open a wave window go to 'File->New Waveform Configuration' or type 'create_wave_config' in the TCL console."
#   }
# }
# open_saif "zv.saif"
# set curr_xsim_wave_scope [current_scope]
# current_scope /tb/DUT
# log_saif [get_objects -r *]
# current_scope $curr_xsim_wave_scope
# unset curr_xsim_wave_scope
# log_wave -r /
# run 1000ns
$finish called at time : 5 ns : File "C:/Users/Rati Tandon/Downloads/multZ2/multZ2.srcs/sim_1/new/tb.v" Line 19
# close_saif
xsim: Time (s): cpu = 00:00:16 ; elapsed = 00:00:15 . Memory (MB): peak = 1782.234 ; gain = 0.289
INFO: [USF-XSim-96] XSim completed. Design snapshot 'tb_behav' loaded.
INFO: [USF-XSim-97] XSim simulation ran for 1000ns
launch_simulation: Time (s): cpu = 00:00:20 ; elapsed = 00:00:33 . Memory (MB): peak = 1782.234 ; gain = 6.410
file mkdir {C:/Users/Rati Tandon/Downloads/multZ2/multZ2.srcs/constrs_1/new}
close [ open {C:/Users/Rati Tandon/Downloads/multZ2/multZ2.srcs/constrs_1/new/test.xdc} w ]
add_files -fileset constrs_1 {{C:/Users/Rati Tandon/Downloads/multZ2/multZ2.srcs/constrs_1/new/test.xdc}}
set_property target_constrs_file {C:/Users/Rati Tandon/Downloads/multZ2/multZ2.srcs/constrs_1/new/test.xdc} [current_fileset -constrset]
save_constraints -force
reset_run synth_1
WARNING: [Vivado 12-1017] Problems encountered:
1. Failed to delete one or more files in run directory C:/Users/Rati Tandon/Downloads/multZ2/multZ2.runs/synth_1

launch_runs synth_1 -jobs 8
[Fri Apr 28 20:37:06 2023] Launched synth_1...
Run output will be captured here: C:/Users/Rati Tandon/Downloads/multZ2/multZ2.runs/synth_1/runme.log
read_saif {C:/Users/Rati Tandon/Downloads/multZ2/multZ2.sim/sim_1/behav/xsim/zv.saif}
INFO: [Power 33-167] Parsing SAIF file C:/Users/Rati Tandon/Downloads/multZ2/multZ2.sim/sim_1/behav/xsim/zv.saif
INFO: [Power 33-177] SAIF annotation done from file C:/Users/Rati Tandon/Downloads/multZ2/multZ2.sim/sim_1/behav/xsim/zv.saif
INFO: [Power 33-26] Design nets matched = 66 of 182
report_power -name {power_3}
Command: report_power -name power_3
36% of nets annotated
Doing probabilistic computation for the remaining nets

0 Infos, 0 Warnings, 0 Critical Warnings and 0 Errors encountered.
report_power completed successfully
refresh_design
INFO: [Netlist 29-17] Analyzing 3 Unisim elements for replacement
INFO: [Netlist 29-28] Unisim Transformation completed in 0 CPU seconds
INFO: [Project 1-479] Netlist was created with Vivado 2019.1
INFO: [Project 1-570] Preparing netlist for logic optimization
Parsing XDC File [C:/Users/Rati Tandon/Downloads/multZ2/multZ2.srcs/constrs_1/new/test.xdc]
Finished Parsing XDC File [C:/Users/Rati Tandon/Downloads/multZ2/multZ2.srcs/constrs_1/new/test.xdc]
INFO: [Opt 31-138] Pushed 0 inverter(s) to 0 load pin(s).
refresh_design: Time (s): cpu = 00:00:18 ; elapsed = 00:00:10 . Memory (MB): peak = 1804.500 ; gain = 3.668
